<?xml version="1.0" encoding="UTF-8"?>
<testng-results ignored="1" total="2" passed="1" failed="0" skipped="0">
  <reporter-output>
  </reporter-output>
  <suite started-at="2023-01-05T00:23:45 IST" name="Default suite" finished-at="2023-01-05T00:23:56 IST" duration-ms="10602">
    <groups>
    </groups>
    <test started-at="2023-01-05T00:23:45 IST" name="Default test" finished-at="2023-01-05T00:23:56 IST" duration-ms="10602">
      <class name="com.api.Base_TestApi">
        <test-method signature="RestAssuredPOst()[pri:0, instance:com.api.Base_TestApi@c333c60]" started-at="2023-01-05T00:23:45 IST" name="RestAssuredPOst" finished-at="2023-01-05T00:23:56 IST" duration-ms="10422" status="PASS">
          <reporter-output>
          </reporter-output>
        </test-method> <!-- RestAssuredPOst -->
      </class> <!-- com.api.Base_TestApi -->
    </test> <!-- Default test -->
  </suite> <!-- Default suite -->
</testng-results>
